<?xml version="1.0" encoding="UTF-8"?>
<!-- Generated by org.testng.reporters.JUnitReportReporter -->
<testsuite hostname="DESKTOP-7R0B1IE" failures="0" tests="2" name="com.skillbrain.mentor.bstackTests.LoginTests" time="7.777" errors="0" timestamp="2024-01-11T19:46:20 EET" skipped="0">
  <testcase classname="com.skillbrain.mentor.bstackTests.LoginTests" name="TC02_lockedAccountLogin" time="2.556"/>
  <testcase classname="com.skillbrain.mentor.bstackTests.LoginTests" name="TC01_successfulLogin" time="5.221"/>
</testsuite> <!-- com.skillbrain.mentor.bstackTests.LoginTests -->
