<?xml version="1.0" encoding="UTF-8"?>
<!-- Generated by org.testng.reporters.JUnitReportReporter -->
<testsuite hostname="DESKTOP-7R0B1IE" failures="0" tests="1" name="com.skillbrain.mentor.LoginTests" time="61.108" errors="0" timestamp="2024-01-11T19:21:40 EET" skipped="0">
  <testcase classname="com.skillbrain.mentor.LoginTests" name="successfulLogin" time="61.108"/>
</testsuite> <!-- com.skillbrain.mentor.LoginTests -->
