<?xml version="1.0" encoding="UTF-8"?>
<!-- Generated by org.testng.reporters.JUnitReportReporter -->
<testsuite hostname="DESKTOP-7R0B1IE" failures="0" tests="1" name="com.skillbrain.mentor.bstackTests.LockedAccountLogin" time="1.133" errors="0" timestamp="2024-01-11T19:41:46 EET" skipped="0">
  <testcase classname="com.skillbrain.mentor.bstackTests.LockedAccountLogin" name="TC02_lockedAccountLogin" time="1.133"/>
</testsuite> <!-- com.skillbrain.mentor.bstackTests.LockedAccountLogin -->
