<?xml version="1.0" encoding="UTF-8"?>
<!-- Generated by org.testng.reporters.JUnitReportReporter -->
<testsuite hostname="DESKTOP-7R0B1IE" failures="0" tests="1" name="com.skillbrain.mentor.demoqaTests.TextBoxPageTest" time="3.630" errors="0" timestamp="2024-01-09T21:02:59 EET" skipped="0">
  <testcase classname="com.skillbrain.mentor.demoqaTests.TextBoxPageTest" name="textBoxTest" time="3.630"/>
</testsuite> <!-- com.skillbrain.mentor.demoqaTests.TextBoxPageTest -->
