<?xml version="1.0" encoding="UTF-8"?>
<!-- Generated by org.testng.reporters.JUnitReportReporter -->
<testsuite hostname="DESKTOP-7R0B1IE" failures="0" tests="1" name="com.skillbrain.mentor.bstackTests.SuccessfulLogin" time="3.167" errors="0" timestamp="2024-01-11T19:41:46 EET" skipped="0">
  <testcase classname="com.skillbrain.mentor.bstackTests.SuccessfulLogin" name="TC01_successfulLogin" time="3.167"/>
</testsuite> <!-- com.skillbrain.mentor.bstackTests.SuccessfulLogin -->
