<?xml version="1.0" encoding="UTF-8"?>
<!-- Generated by org.testng.reporters.JUnitReportReporter -->
<testsuite hostname="DESKTOP-7R0B1IE" failures="0" tests="1" name="com.skillbrain.mentor.tests.BookStoreLoginTest" time="11.428" errors="0" timestamp="2023-12-19T20:29:13 EET" skipped="0">
  <testcase classname="com.skillbrain.mentor.tests.BookStoreLoginTest" name="verifyMandatoryFields" time="11.428"/>
</testsuite> <!-- com.skillbrain.mentor.tests.BookStoreLoginTest -->
